<?xml version="1.0" encoding="UTF-8"?>
<coverage generated="1477720365">
  <project timestamp="1477720365">
    <package name="PhpFirebase\Clients">
      <file name="/var/www/connect-knowledge/vendor/adrorocker/php-firebase/src/Clients/GuzzleClient.php">
        <class name="GuzzleClient" namespace="PhpFirebase\Clients" fullPackage="PhpFirebase.Clients" package="PhpFirebase" subpackage="Clients">
          <metrics complexity="13" methods="10" coveredmethods="0" conditionals="0" coveredconditionals="0" statements="35" coveredstatements="6" elements="45" coveredelements="6"/>
        </class>
        <line num="58" type="method" name="__construct" visibility="public" complexity="3" crap="3.14" count="1"/>
        <line num="60" type="stmt" count="1"/>
        <line num="61" type="stmt" count="0"/>
        <line num="64" type="stmt" count="1"/>
        <line num="65" type="stmt" count="0"/>
        <line num="68" type="stmt" count="1"/>
        <line num="69" type="stmt" count="1"/>
        <line num="71" type="stmt" count="1"/>
        <line num="72" type="stmt" count="1"/>
        <line num="82" type="method" name="get" visibility="public" complexity="1" crap="2" count="0"/>
        <line num="84" type="stmt" count="0"/>
        <line num="86" type="stmt" count="0"/>
        <line num="88" type="stmt" count="0"/>
        <line num="100" type="method" name="post" visibility="public" complexity="1" crap="2" count="0"/>
        <line num="102" type="stmt" count="0"/>
        <line num="104" type="stmt" count="0"/>
        <line num="106" type="stmt" count="0"/>
        <line num="108" type="stmt" count="0"/>
        <line num="120" type="method" name="put" visibility="public" complexity="1" crap="2" count="0"/>
        <line num="122" type="stmt" count="0"/>
        <line num="124" type="stmt" count="0"/>
        <line num="126" type="stmt" count="0"/>
        <line num="128" type="stmt" count="0"/>
        <line num="140" type="method" name="patch" visibility="public" complexity="1" crap="2" count="0"/>
        <line num="142" type="stmt" count="0"/>
        <line num="144" type="stmt" count="0"/>
        <line num="146" type="stmt" count="0"/>
        <line num="148" type="stmt" count="0"/>
        <line num="159" type="method" name="delete" visibility="public" complexity="1" crap="2" count="0"/>
        <line num="161" type="stmt" count="0"/>
        <line num="163" type="stmt" count="0"/>
        <line num="165" type="stmt" count="0"/>
        <line num="175" type="method" name="prepareData" visibility="protected" complexity="1" crap="2" count="0"/>
        <line num="177" type="stmt" count="0"/>
        <line num="189" type="method" name="buildUri" visibility="protected" complexity="2" crap="6" count="0"/>
        <line num="191" type="stmt" count="0"/>
        <line num="192" type="stmt" count="0"/>
        <line num="195" type="stmt" count="0"/>
        <line num="205" type="method" name="buildHeaders" visibility="protected" complexity="1" crap="2" count="0"/>
        <line num="208" type="stmt" count="0"/>
        <line num="212" type="stmt" count="0"/>
        <line num="222" type="method" name="handle" visibility="private" complexity="1" crap="2" count="0"/>
        <line num="224" type="stmt" count="0"/>
        <line num="226" type="stmt" count="0"/>
        <line num="228" type="stmt" count="0"/>
        <metrics loc="231" ncloc="121" classes="1" methods="10" coveredmethods="0" conditionals="0" coveredconditionals="0" statements="35" coveredstatements="6" elements="45" coveredelements="6"/>
      </file>
    </package>
    <package name="PhpFirebase">
      <file name="/var/www/connect-knowledge/vendor/adrorocker/php-firebase/src/Firebase.php">
        <class name="Firebase" namespace="PhpFirebase" fullPackage="PhpFirebase" package="PhpFirebase">
          <metrics complexity="15" methods="10" coveredmethods="9" conditionals="0" coveredconditionals="0" statements="30" coveredstatements="28" elements="40" coveredelements="37"/>
        </class>
        <line num="60" type="method" name="__construct" visibility="public" complexity="6" crap="6" count="5"/>
        <line num="62" type="stmt" count="5"/>
        <line num="63" type="stmt" count="1"/>
        <line num="65" type="stmt" count="4"/>
        <line num="66" type="stmt" count="1"/>
        <line num="69" type="stmt" count="3"/>
        <line num="71" type="stmt" count="3"/>
        <line num="72" type="stmt" count="1"/>
        <line num="75" type="stmt" count="2"/>
        <line num="76" type="stmt" count="2"/>
        <line num="78" type="stmt" count="2"/>
        <line num="79" type="stmt" count="1"/>
        <line num="80" type="stmt" count="1"/>
        <line num="81" type="stmt" count="1"/>
        <line num="85" type="stmt" count="2"/>
        <line num="86" type="stmt" count="2"/>
        <line num="96" type="method" name="get" visibility="public" complexity="1" crap="1" count="1"/>
        <line num="98" type="stmt" count="1"/>
        <line num="100" type="stmt" count="1"/>
        <line num="112" type="method" name="post" visibility="public" complexity="1" crap="1" count="1"/>
        <line num="114" type="stmt" count="1"/>
        <line num="116" type="stmt" count="1"/>
        <line num="128" type="method" name="put" visibility="public" complexity="1" crap="1" count="1"/>
        <line num="130" type="stmt" count="1"/>
        <line num="132" type="stmt" count="1"/>
        <line num="144" type="method" name="patch" visibility="public" complexity="1" crap="1" count="1"/>
        <line num="146" type="stmt" count="1"/>
        <line num="148" type="stmt" count="1"/>
        <line num="159" type="method" name="delete" visibility="public" complexity="1" crap="2" count="0"/>
        <line num="161" type="stmt" count="0"/>
        <line num="163" type="stmt" count="0"/>
        <line num="171" type="method" name="getResponse" visibility="public" complexity="1" crap="1" count="1"/>
        <line num="173" type="stmt" count="1"/>
        <line num="181" type="method" name="getClient" visibility="public" complexity="1" crap="1" count="1"/>
        <line num="183" type="stmt" count="1"/>
        <line num="191" type="method" name="getBase" visibility="public" complexity="1" crap="1" count="1"/>
        <line num="193" type="stmt" count="1"/>
        <line num="201" type="method" name="setClient" visibility="protected" complexity="1" crap="1" count="2"/>
        <line num="203" type="stmt" count="2"/>
        <line num="204" type="stmt" count="2"/>
        <metrics loc="205" ncloc="101" classes="1" methods="10" coveredmethods="9" conditionals="0" coveredconditionals="0" statements="30" coveredstatements="28" elements="40" coveredelements="37"/>
      </file>
    </package>
    <file name="/var/www/connect-knowledge/vendor/adrorocker/php-firebase/src/Interfaces/ClientInterface.php">
      <metrics loc="72" ncloc="15" classes="0" methods="0" coveredmethods="0" conditionals="0" coveredconditionals="0" statements="0" coveredstatements="0" elements="0" coveredelements="0"/>
    </file>
    <file name="/var/www/connect-knowledge/vendor/adrorocker/php-firebase/src/Interfaces/FirebaseInterface.php">
      <metrics loc="102" ncloc="23" classes="0" methods="0" coveredmethods="0" conditionals="0" coveredconditionals="0" statements="0" coveredstatements="0" elements="0" coveredelements="0"/>
    </file>
    <metrics files="4" loc="610" ncloc="260" classes="2" methods="20" coveredmethods="9" conditionals="0" coveredconditionals="0" statements="65" coveredstatements="34" elements="85" coveredelements="43"/>
  </project>
</coverage>
